README	1d9fab5a	14790
arithchk.c	ebbe5bc7	4075
dmisc.c	c8daa18	4682
dtoa.c	14f5b9e1	17138
g_Qfmt.c	f791d807	2839
g__fmt.c	14dca85	2504
g_ddfmt.c	10eae12a	3695
g_dfmt.c	f36c1014	2503
g_ffmt.c	fb83cfb5	2429
g_xLfmt.c	f216a096	2686
g_xfmt.c	ed824bf3	2775
gdtoa.c	e29409a6	16988
gdtoa.h	fd46e927	4920
gdtoaimp.h	e753264b	19648
gethex.c	f42e6bdf	6247
gmisc.c	1859d016	2084
hd_init.c	efdbe921	1797
hexnan.c	13f362b7	3462
makefile	f890b12	2932
misc.c	1757f7fc	14252
qnan.c	efd33d64	3417
smisc.c	e282e715	3655
strtoIQ.c	1809dfcf	1939
strtoId.c	f41ddac2	1931
strtoIdd.c	f13e3bc3	2105
strtoIf.c	f12c6af4	1875
strtoIg.c	fd8c1bcf	3589
strtoIx.c	e50f716d	1960
strtoIxL.c	ea0b821b	1931
strtod.c	f6943e52	21001
strtodI.c	1c2440ce	3915
strtodg.c	1c1bb220	20499
strtodnrp.c	af895e9	2538
strtof.c	1c5192d3	2073
strtopQ.c	f116d4f0	2563
strtopd.c	f7681c7a	1671
strtopdd.c	9864fba	4497
strtopf.c	eb15b627	2067
strtopx.c	1cafe482	2618
strtopxL.c	1e4b77e9	2373
strtorQ.c	9360a0b	2885
strtord.c	af5c50e	2491
strtordd.c	1b266865	4936
strtorf.c	f0d86e2b	2396
strtorx.c	f19a56af	2947
strtorxL.c	167fe87c	2704
sum.c	f525bad9	2494
ulp.c	1e2e148f	1864
