README	ee32ce1c	15386
arithchk.c	ebbe5bc7	4075
dmisc.c	c8daa18	4682
dtoa.c	14f5b9e1	17138
g_Qfmt.c	f6aad16c	2926
g__fmt.c	1b8e8cd8	3401
g_ddfmt.c	eb4d0889	4090
g_dfmt.c	10d694eb	2584
g_ffmt.c	197652f1	2516
g_xLfmt.c	3fd29c5	2773
g_xfmt.c	f6a580a	2862
gdtoa.c	eabc1bc5	17024
gdtoa.h	f3c171cc	4945
gdtoa_fltrnds.h	1aaf5112	421
gdtoaimp.h	490a372	19893
gethex.c	e7327648	7106
gmisc.c	1859d016	2084
hd_init.c	efdbe921	1797
hexnan.c	13f362b7	3462
makefile	3cd7ae	2933
misc.c	1757f7fc	14252
qnan.c	efd33d64	3417
smisc.c	1064c213	3694
strtoIQ.c	1809dfcf	1939
strtoId.c	f41ddac2	1931
strtoIdd.c	f13e3bc3	2105
strtoIf.c	f12c6af4	1875
strtoIg.c	fd8c1bcf	3589
strtoIx.c	e50f716d	1960
strtoIxL.c	ea0b821b	1931
strtod.c	e7e4addc	21731
strtodI.c	1c2440ce	3915
strtodg.c	f74828cc	21164
strtodnrp.c	af895e9	2538
strtof.c	1db524d	2155
strtopQ.c	f244b012	2645
strtopd.c	1c3c9ce	1751
strtopdd.c	125d6c19	4580
strtopf.c	1939f590	2149
strtopx.c	f78a816e	2700
strtopxL.c	b77b701	2455
strtorQ.c	9360a0b	2885
strtord.c	af5c50e	2491
strtordd.c	1b266865	4936
strtorf.c	f0d86e2b	2396
strtorx.c	f19a56af	2947
strtorxL.c	167fe87c	2704
sum.c	f525bad9	2494
ulp.c	1e2e148f	1864
