Notice	1211689a	1195
README	110fc3e8	4398
cds.c	38ec751	4076
data.c	fa8cecd6	9370
defines.h	e500bb1a	8464
defs.h	72515cc	24172
equiv.c	f6b65bcc	8831
error.c	7e4ede	3648
exec.c	e279d99	17980
expr.c	1d64bc48	60705
f2c.1	fa354030	6042
f2c.1t	e571e717	5988
f2c.h	1be46b90	4271
format.c	ed4c1a9	52848
format.h	e861ad39	300
formatdata.c	eb45f76a	24861
ftypes.h	18b86a27	1377
gram.dcl	11121871	7977
gram.exec	e190cb8e	3026
gram.expr	e3da3320	3137
gram.head	ecf8a5e0	7554
gram.io	1b7c281c	3294
init.c	ffd3616	11452
intr.c	e9519537	19813
io.c	feb30d5a	29027
iob.h	fe479ed3	459
lex.c	ffae6a9f	31482
machdefs.h	4950e5b	659
main.c	54cb955	17040
makefile	f3877062	2766
malloc.c	5c2be2a	3422
mem.c	133c066	4839
memset.c	17404d52	1964
misc.c	fe327633	18006
names.c	3123927	19947
names.h	f25436a3	689
niceprintf.c	f976e7dd	9781
niceprintf.h	c31f08c	412
output.c	f0627d49	38529
output.h	edfe9e59	2113
p1defs.h	e4e11c4e	5776
p1output.c	157a2c7e	12175
parse.h	e457df2e	855
parse_args.c	e01b1fe9	13035
pccdefs.h	1b4fbbee	1195
pread.c	5ac0d2	16490
proc.c	116a13d2	34930
put.c	fe8a1281	9480
putpcc.c	1cebcba8	40081
sysdep.c	174741bc	10939
sysdep.h	1021aa5e	2834
tokens	194fccfe	727
usignal.h	1c4ce909	124
vax.c	cf2e339	11030
version.c	3351b7b	107
xsum.c	e2d50e0b	6437
